Mon Mar 24 04:37:02 2025 UTC - Current process: cs2.exe
Mon Mar 24 04:37:02 2025 UTC - Module file name: C:\Program Files (x86)\Steam\gameoverlayrenderer64.dll
Mon Mar 24 04:37:02 2025 UTC - Process ID: 11160
Mon Mar 24 04:37:02 2025 UTC - GameID = 730, OverlayGameID = 730
Mon Mar 24 04:37:02 2025 UTC - System page size: 4096
Mon Mar 24 04:37:02 2025 UTC - Failed loading shell32.dll, not hooking ShellExecute calls
Mon Mar 24 04:37:02 2025 UTC - Hooking SetCursorPos, GetCursorPos, ShowCursor, SetCursor, and GetCursor
Mon Mar 24 04:37:02 2025 UTC - Modules at GameOverlayRenderer.dll attach
Mon Mar 24 04:37:02 2025 UTC - 01: cs2.exe - (00007FF66C8B0000 to 00007FF66CCE2000)
Mon Mar 24 04:37:02 2025 UTC - 02: ntdll.dll - (00007FFE6F5B0000 to 00007FFE6F7A8000)
Mon Mar 24 04:37:02 2025 UTC - 03: KERNEL32.DLL - (00007FFE6DFE0000 to 00007FFE6E0A2000)
Mon Mar 24 04:37:02 2025 UTC - 04: KERNELBASE.dll - (00007FFE6D040000 to 00007FFE6D33F000)
Mon Mar 24 04:37:02 2025 UTC - 05: USER32.dll - (00007FFE6EB30000 to 00007FFE6ECCD000)
Mon Mar 24 04:37:02 2025 UTC - 06: win32u.dll - (00007FFE6CF50000 to 00007FFE6CF72000)
Mon Mar 24 04:37:02 2025 UTC - 07: GDI32.dll - (00007FFE6DF20000 to 00007FFE6DF4B000)
Mon Mar 24 04:37:02 2025 UTC - 08: gdi32full.dll - (00007FFE6CC50000 to 00007FFE6CD6A000)
Mon Mar 24 04:37:02 2025 UTC - 09: msvcp_win.dll - (00007FFE6D3D0000 to 00007FFE6D46D000)
Mon Mar 24 04:37:02 2025 UTC - 10: ucrtbase.dll - (00007FFE6CDA0000 to 00007FFE6CEA0000)
Mon Mar 24 04:37:02 2025 UTC - 11: IMM32.DLL - (00007FFE6DDD0000 to 00007FFE6DDFF000)
Mon Mar 24 04:37:02 2025 UTC - 12: gameoverlayrenderer64.dll - (00007FFE414D0000 to 00007FFE41669000)
Mon Mar 24 04:37:02 2025 UTC - 13: ADVAPI32.dll - (00007FFE6D840000 to 00007FFE6D8EF000)
Mon Mar 24 04:37:02 2025 UTC - 14: msvcrt.dll - (00007FFE6D7A0000 to 00007FFE6D83E000)
Mon Mar 24 04:37:02 2025 UTC - 15: sechost.dll - (00007FFE6E0B0000 to 00007FFE6E14F000)
Mon Mar 24 04:37:02 2025 UTC - 16: RPCRT4.dll - (00007FFE6EA00000 to 00007FFE6EB23000)
Mon Mar 24 04:37:02 2025 UTC - 17: bcrypt.dll - (00007FFE6CD70000 to 00007FFE6CD97000)
Mon Mar 24 04:37:02 2025 UTC - 18: ole32.dll - (00007FFE6ECE0000 to 00007FFE6EE0B000)
Mon Mar 24 04:37:02 2025 UTC - 19: combase.dll - (00007FFE6EE10000 to 00007FFE6F165000)
Mon Mar 24 04:37:02 2025 UTC - 20: OLEAUT32.dll - (00007FFE6F360000 to 00007FFE6F42D000)
Mon Mar 24 04:37:02 2025 UTC - 21: CFGMGR32.dll - (00007FFE6CFF0000 to 00007FFE6D03E000)
Mon Mar 24 04:37:02 2025 UTC - 22: PSAPI.DLL - (00007FFE6ECD0000 to 00007FFE6ECD8000)
Mon Mar 24 04:37:02 2025 UTC - 23: WINMM.dll - (00007FFE622A0000 to 00007FFE622C7000)
Mon Mar 24 04:37:02 2025 UTC - ----------------------------
Mon Mar 24 04:37:06 2025 UTC - Game is using dxgi (dx10/dx11), preparing to hook.
Mon Mar 24 04:37:06 2025 UTC - hookCreateDXGIFactory called
Mon Mar 24 04:37:06 2025 UTC - Hooking vtable for factory
Mon Mar 24 04:37:06 2025 UTC - DXGIFactory2_CreateSwapChain already hooked via IDXGIFactory or IDXGIFactory1
Mon Mar 24 04:37:06 2025 UTC - hookCreateDXGIFactory1 called
Mon Mar 24 04:37:06 2025 UTC - Hooking vtable for factory
Mon Mar 24 04:37:06 2025 UTC - DXGIFactory1_CreateSwapChain already hooked via IDXGIFactory or IDXGIFactory2
Mon Mar 24 04:37:06 2025 UTC - DXGIFactory2_CreateSwapChain already hooked via IDXGIFactory or IDXGIFactory1
Mon Mar 24 04:37:07 2025 UTC - Game is using D3D9 or D3D9Ex, preparing to hook.
Mon Mar 24 04:37:07 2025 UTC - hookCreateDXGIFactory1 called
Mon Mar 24 04:37:07 2025 UTC - Hooking vtable for factory
Mon Mar 24 04:37:07 2025 UTC - DXGIFactory1_CreateSwapChain already hooked via IDXGIFactory or IDXGIFactory2
Mon Mar 24 04:37:07 2025 UTC - DXGIFactory2_CreateSwapChain already hooked via IDXGIFactory or IDXGIFactory1
Mon Mar 24 04:37:07 2025 UTC - hookDirect3DCreate9 called
Mon Mar 24 04:37:08 2025 UTC - hookCreateDXGIFactory2 called
Mon Mar 24 04:37:08 2025 UTC - Hooking vtable for factory
Mon Mar 24 04:37:08 2025 UTC - DXGIFactory2_CreateSwapChain already hooked via IDXGIFactory or IDXGIFactory1
Mon Mar 24 04:37:08 2025 UTC - hookCreateDXGIFactory1 called
Mon Mar 24 04:37:08 2025 UTC - Hooking vtable for factory
Mon Mar 24 04:37:08 2025 UTC - DXGIFactory1_CreateSwapChain already hooked via IDXGIFactory or IDXGIFactory2
Mon Mar 24 04:37:08 2025 UTC - DXGIFactory2_CreateSwapChain already hooked via IDXGIFactory or IDXGIFactory1
Mon Mar 24 04:37:08 2025 UTC - IWrapDXGIFactory::CreateSwapChain called
Mon Mar 24 04:37:08 2025 UTC - Hooking vtable for swap chain
Mon Mar 24 04:37:08 2025 UTC - Hooking vtable for swap chain1
Mon Mar 24 04:37:08 2025 UTC - Hooking vtable for swap chain3
Mon Mar 24 04:37:08 2025 UTC - Trying to detour d3d11 device
Mon Mar 24 04:37:08 2025 UTC - Hooking vtable for device
Mon Mar 24 04:37:08 2025 UTC - Tracking new device: d5a15578
Mon Mar 24 04:37:08 2025 UTC - Tracking new swap chain: de92a750 (with device: d5a15578)
Mon Mar 24 04:37:08 2025 UTC - Creating D3D11 renderer
Mon Mar 24 04:37:08 2025 UTC - Initializing Audio...
Mon Mar 24 04:37:10 2025 UTC - g_IAudioClient3_InitializeSharedAudioStream - SUCCEEDED
Mon Mar 24 04:37:10 2025 UTC - Audio client initialized: 0x0000021EDEE2E190
Mon Mar 24 04:37:10 2025 UTC - Device:
Mon Mar 24 04:37:10 2025 UTC - Audio client mix format:
Mon Mar 24 04:37:10 2025 UTC - 	format: 65534
Mon Mar 24 04:37:10 2025 UTC - 	channels: 2
Mon Mar 24 04:37:10 2025 UTC - 	samples/sec: 48000
Mon Mar 24 04:37:10 2025 UTC - 	bytes/sec: 384000
Mon Mar 24 04:37:10 2025 UTC - 	alignment: 8
Mon Mar 24 04:37:10 2025 UTC - 	bits/sample: 32
Mon Mar 24 04:37:10 2025 UTC - 	channel mask: 0x3
Mon Mar 24 04:37:10 2025 UTC - 	data format: {00000003-0000-0010-8000-00AA00389B71}
Mon Mar 24 04:37:10 2025 UTC - Audio hooked
Mon Mar 24 04:37:10 2025 UTC - Audio client started: 0x0000021EDEE2E190, 1
Mon Mar 24 04:37:33 2025 UTC - DeleteD3D11RendererForSwapChain called for: 0000021EDE92A750
Mon Mar 24 04:37:33 2025 UTC - Releasing all resources for device: 0000021ED5A15578
Mon Mar 24 04:37:33 2025 UTC - IWrapDXGIFactory::CreateSwapChain called
Mon Mar 24 04:37:33 2025 UTC - Hooking vtable for swap chain
Mon Mar 24 04:37:33 2025 UTC - Hooking vtable for swap chain1
Mon Mar 24 04:37:33 2025 UTC - Hooking vtable for swap chain3
Mon Mar 24 04:37:33 2025 UTC - Trying to detour d3d11 device
Mon Mar 24 04:37:33 2025 UTC - Hooking vtable for device
Mon Mar 24 04:37:33 2025 UTC - VTable for device in unexpected module
Mon Mar 24 04:37:33 2025 UTC - Tracking new device: d5a15578
Mon Mar 24 04:37:33 2025 UTC - Tracking new swap chain: de92a750 (with device: d5a15578)
Mon Mar 24 04:37:33 2025 UTC - Creating D3D11 renderer
Mon Mar 24 04:37:33 2025 UTC - Releasing all resources for device: 0000021ED5A15578
Mon Mar 24 04:37:51 2025 UTC - Trying to setup input hook...
Mon Mar 24 04:37:51 2025 UTC - Set input hook...
Mon Mar 24 05:39:10 2025 UTC - Detected hot-key via base input, now requesting overlay enable
Mon Mar 24 05:39:10 2025 UTC - Showing overlay and saving cursor show count: 0
Mon Mar 24 05:39:10 2025 UTC - Saved Cursor: 0000000000010003
Mon Mar 24 05:39:10 2025 UTC - Saved GCLP_HCURSOR: 0
Mon Mar 24 05:39:10 2025 UTC - Paused device notifications
Mon Mar 24 05:39:10 2025 UTC - Failed getting currently registered raw input devices
Mon Mar 24 05:39:11 2025 UTC - ESC press detected, requesting overlay disable
Mon Mar 24 05:39:11 2025 UTC - Hiding overlay and restoring cursor show count: 0
Mon Mar 24 05:39:11 2025 UTC - Restoring Saved Cursor: 0000000000010003
Mon Mar 24 05:39:11 2025 UTC - Restoring clip cursor region: -32768,-32768 32767,32767
Mon Mar 24 05:39:11 2025 UTC - Performing 0 queued raw input registrations
Mon Mar 24 05:39:11 2025 UTC - Resumed device notifications
Mon Mar 24 06:48:32 2025 UTC - DeleteD3D11RendererForSwapChain called for: 0000021EDE92A750
Mon Mar 24 06:48:32 2025 UTC - Releasing all resources for device: 0000021ED5A15578
Mon Mar 24 06:48:32 2025 UTC - Detaching input hook...
Mon Mar 24 06:48:33 2025 UTC - GameOverlayRenderer.dll detaching
