L 03/26/2026 - 11:02:03: Start of error session.
L 03/26/2026 - 11:02:03: Info (map "zm_foda") (file "addons/amxmodx/logs/error_20260326.log")
L 03/26/2026 - 11:02:03: Function "give_gun_silverak" was not found
L 03/26/2026 - 11:02:03: [AMXX] Displaying debug trace (plugin "zc_silver_ak.amxx")
L 03/26/2026 - 11:02:03: [AMXX] Run time error 19: function not found 
L 03/26/2026 - 11:02:03: [AMXX]    [0] zc_silver_ak.sma::plugin_init (line 36)
L 03/26/2026 - 11:02:03: Function "give_gun_diamondak" was not found
L 03/26/2026 - 11:02:03: [AMXX] Displaying debug trace (plugin "zc_diamond_ak.amxx")
L 03/26/2026 - 11:02:03: [AMXX] Run time error 19: function not found 
L 03/26/2026 - 11:02:03: [AMXX]    [0] zc_diamond_ak.sma::plugin_init (line 36)
L 03/26/2026 - 11:02:03: Function "give_gun_sm4a1" was not found
L 03/26/2026 - 11:02:03: [AMXX] Displaying debug trace (plugin "zc_member_silver_m4.amxx")
L 03/26/2026 - 11:02:03: [AMXX] Run time error 19: function not found 
L 03/26/2026 - 11:02:03: [AMXX]    [0] zc_member_silver_m4.sma::plugin_init (line 37)
L 03/26/2026 - 11:02:03: Function "give_gun_goldenak" was not found
L 03/26/2026 - 11:02:03: [AMXX] Displaying debug trace (plugin "zc_member_gak47.amxx")
L 03/26/2026 - 11:02:03: [AMXX] Run time error 19: function not found 
L 03/26/2026 - 11:02:03: [AMXX]    [0] zc_member_gak47.sma::plugin_init (line 37)
L 03/26/2026 - 11:02:03: [HAMSANDWICH] Function fw_TakeDamage not found.
L 03/26/2026 - 11:02:03: [AMXX] Displaying debug trace (plugin "zc_random_legend.amxx")
L 03/26/2026 - 11:02:03: [AMXX] Run time error 10: native error (native "RegisterHam")
L 03/26/2026 - 11:02:03: [AMXX]    [0] zc_random_legend.sma::plugin_init (line 18)
L 03/26/2026 - 13:03:49: Start of error session.
L 03/26/2026 - 13:03:49: Info (map "de_dust2") (file "addons/amxmodx/logs/error_20260326.log")
L 03/26/2026 - 13:03:49: Function "give_gun_silverak" was not found
L 03/26/2026 - 13:03:49: [AMXX] Displaying debug trace (plugin "zc_silver_ak.amxx")
L 03/26/2026 - 13:03:49: [AMXX] Run time error 19: function not found 
L 03/26/2026 - 13:03:49: [AMXX]    [0] zc_silver_ak.sma::plugin_init (line 36)
L 03/26/2026 - 13:03:49: Function "give_gun_diamondak" was not found
L 03/26/2026 - 13:03:49: [AMXX] Displaying debug trace (plugin "zc_diamond_ak.amxx")
L 03/26/2026 - 13:03:49: [AMXX] Run time error 19: function not found 
L 03/26/2026 - 13:03:49: [AMXX]    [0] zc_diamond_ak.sma::plugin_init (line 36)
L 03/26/2026 - 13:03:49: Function "give_gun_sm4a1" was not found
L 03/26/2026 - 13:03:49: [AMXX] Displaying debug trace (plugin "zc_member_silver_m4.amxx")
L 03/26/2026 - 13:03:49: [AMXX] Run time error 19: function not found 
L 03/26/2026 - 13:03:49: [AMXX]    [0] zc_member_silver_m4.sma::plugin_init (line 37)
L 03/26/2026 - 13:03:49: Function "give_gun_goldenak" was not found
L 03/26/2026 - 13:03:49: [AMXX] Displaying debug trace (plugin "zc_member_gak47.amxx")
L 03/26/2026 - 13:03:49: [AMXX] Run time error 19: function not found 
L 03/26/2026 - 13:03:49: [AMXX]    [0] zc_member_gak47.sma::plugin_init (line 37)
L 03/26/2026 - 13:03:49: [HAMSANDWICH] Function fw_TakeDamage not found.
L 03/26/2026 - 13:03:49: [AMXX] Displaying debug trace (plugin "zc_random_legend.amxx")
L 03/26/2026 - 13:03:49: [AMXX] Run time error 10: native error (native "RegisterHam")
L 03/26/2026 - 13:03:49: [AMXX]    [0] zc_random_legend.sma::plugin_init (line 18)
L 03/26/2026 - 13:04:21: [AMXX] Displaying debug trace (plugin "zc_leaderboard.amxx")
L 03/26/2026 - 13:04:21: [AMXX] Run time error 4: index out of bounds 
L 03/26/2026 - 13:04:21: [AMXX]    [0] zc_leaderboard.sma::HandleLeaderboardRefresh (line 219)
L 03/26/2026 - 13:11:49: Start of error session.
L 03/26/2026 - 13:11:49: Info (map "zm_foda") (file "addons/amxmodx/logs/error_20260326.log")
L 03/26/2026 - 13:11:49: Function "give_gun_silverak" was not found
L 03/26/2026 - 13:11:49: [AMXX] Displaying debug trace (plugin "zc_silver_ak.amxx")
L 03/26/2026 - 13:11:49: [AMXX] Run time error 19: function not found 
L 03/26/2026 - 13:11:49: [AMXX]    [0] zc_silver_ak.sma::plugin_init (line 36)
L 03/26/2026 - 13:11:49: Function "give_gun_diamondak" was not found
L 03/26/2026 - 13:11:49: [AMXX] Displaying debug trace (plugin "zc_diamond_ak.amxx")
L 03/26/2026 - 13:11:50: [AMXX] Run time error 19: function not found 
L 03/26/2026 - 13:11:50: [AMXX]    [0] zc_diamond_ak.sma::plugin_init (line 36)
L 03/26/2026 - 13:11:50: Function "give_gun_sm4a1" was not found
L 03/26/2026 - 13:11:50: [AMXX] Displaying debug trace (plugin "zc_member_silver_m4.amxx")
L 03/26/2026 - 13:11:50: [AMXX] Run time error 19: function not found 
L 03/26/2026 - 13:11:50: [AMXX]    [0] zc_member_silver_m4.sma::plugin_init (line 37)
L 03/26/2026 - 13:11:50: Function "give_gun_goldenak" was not found
L 03/26/2026 - 13:11:50: [AMXX] Displaying debug trace (plugin "zc_member_gak47.amxx")
L 03/26/2026 - 13:11:50: [AMXX] Run time error 19: function not found 
L 03/26/2026 - 13:11:50: [AMXX]    [0] zc_member_gak47.sma::plugin_init (line 37)
L 03/26/2026 - 13:11:50: [HAMSANDWICH] Function fw_TakeDamage not found.
L 03/26/2026 - 13:11:50: [AMXX] Displaying debug trace (plugin "zc_random_legend.amxx")
L 03/26/2026 - 13:11:50: [AMXX] Run time error 10: native error (native "RegisterHam")
L 03/26/2026 - 13:11:50: [AMXX]    [0] zc_random_legend.sma::plugin_init (line 18)
L 03/26/2026 - 13:12:22: Blanks can only be added after items.
L 03/26/2026 - 13:12:22: [AMXX] Displaying debug trace (plugin "zc_daily_challenges.amxx")
L 03/26/2026 - 13:12:22: [AMXX] Run time error 10: native error (native "menu_addtext")
L 03/26/2026 - 13:12:22: [AMXX]    [0] zc_daily_challenges.sma::CmdChallengesMenu (line 654)
L 03/26/2026 - 13:12:26: [AMXX] Displaying debug trace (plugin "zc_leaderboard.amxx")
L 03/26/2026 - 13:12:26: [AMXX] Run time error 4: index out of bounds 
L 03/26/2026 - 13:12:26: [AMXX]    [0] zc_leaderboard.sma::HandleLeaderboardRefresh (line 219)
