L 02/15/2025 - 09:26:00: Start of error session.
L 02/15/2025 - 09:26:00: Info (map "zm_foda") (file "addons/amxmodx/logs/error_20250215.log")
L 02/15/2025 - 09:26:00: Function "give_gun_silverak" was not found
L 02/15/2025 - 09:26:00: [AMXX] Displaying debug trace (plugin "zc_silver_ak.amxx")
L 02/15/2025 - 09:26:00: [AMXX] Run time error 19: function not found 
L 02/15/2025 - 09:26:00: [AMXX]    [0] zc_silver_ak.sma::plugin_init (line 36)
L 02/15/2025 - 09:26:00: Function "give_gun_diamondak" was not found
L 02/15/2025 - 09:26:00: [AMXX] Displaying debug trace (plugin "zc_diamond_ak.amxx")
L 02/15/2025 - 09:26:00: [AMXX] Run time error 19: function not found 
L 02/15/2025 - 09:26:00: [AMXX]    [0] zc_diamond_ak.sma::plugin_init (line 36)
L 02/15/2025 - 09:26:00: Function "give_gun_sm4a1" was not found
L 02/15/2025 - 09:26:00: [AMXX] Displaying debug trace (plugin "zc_member_silver_m4.amxx")
L 02/15/2025 - 09:26:00: [AMXX] Run time error 19: function not found 
L 02/15/2025 - 09:26:00: [AMXX]    [0] zc_member_silver_m4.sma::plugin_init (line 37)
L 02/15/2025 - 09:26:00: Function "give_gun_goldenak" was not found
L 02/15/2025 - 09:26:00: [AMXX] Displaying debug trace (plugin "zc_member_gak47.amxx")
L 02/15/2025 - 09:26:00: [AMXX] Run time error 19: function not found 
L 02/15/2025 - 09:26:00: [AMXX]    [0] zc_member_gak47.sma::plugin_init (line 37)
L 02/15/2025 - 09:26:00: [HAMSANDWICH] Function fw_TakeDamage not found.
L 02/15/2025 - 09:26:00: [AMXX] Displaying debug trace (plugin "zc_random_legend.amxx")
L 02/15/2025 - 09:26:00: [AMXX] Run time error 10: native error (native "RegisterHam")
L 02/15/2025 - 09:26:00: [AMXX]    [0] zc_random_legend.sma::plugin_init (line 18)
L 02/15/2025 - 16:33:51: Start of error session.
L 02/15/2025 - 16:33:51: Info (map "zm_foda") (file "addons/amxmodx/logs/error_20250215.log")
L 02/15/2025 - 16:33:51: Function "give_gun_silverak" was not found
L 02/15/2025 - 16:33:51: [AMXX] Displaying debug trace (plugin "zc_silver_ak.amxx")
L 02/15/2025 - 16:33:51: [AMXX] Run time error 19: function not found 
L 02/15/2025 - 16:33:51: [AMXX]    [0] zc_silver_ak.sma::plugin_init (line 36)
L 02/15/2025 - 16:33:51: Function "give_gun_diamondak" was not found
L 02/15/2025 - 16:33:51: [AMXX] Displaying debug trace (plugin "zc_diamond_ak.amxx")
L 02/15/2025 - 16:33:51: [AMXX] Run time error 19: function not found 
L 02/15/2025 - 16:33:51: [AMXX]    [0] zc_diamond_ak.sma::plugin_init (line 36)
L 02/15/2025 - 16:33:51: Function "give_gun_sm4a1" was not found
L 02/15/2025 - 16:33:51: [AMXX] Displaying debug trace (plugin "zc_member_silver_m4.amxx")
L 02/15/2025 - 16:33:51: [AMXX] Run time error 19: function not found 
L 02/15/2025 - 16:33:51: [AMXX]    [0] zc_member_silver_m4.sma::plugin_init (line 37)
L 02/15/2025 - 16:33:51: Function "give_gun_goldenak" was not found
L 02/15/2025 - 16:33:51: [AMXX] Displaying debug trace (plugin "zc_member_gak47.amxx")
L 02/15/2025 - 16:33:51: [AMXX] Run time error 19: function not found 
L 02/15/2025 - 16:33:51: [AMXX]    [0] zc_member_gak47.sma::plugin_init (line 37)
L 02/15/2025 - 16:33:51: [HAMSANDWICH] Function fw_TakeDamage not found.
L 02/15/2025 - 16:33:51: [AMXX] Displaying debug trace (plugin "zc_random_legend.amxx")
L 02/15/2025 - 16:33:51: [AMXX] Run time error 10: native error (native "RegisterHam")
L 02/15/2025 - 16:33:51: [AMXX]    [0] zc_random_legend.sma::plugin_init (line 18)
L 02/15/2025 - 21:10:43: Start of error session.
L 02/15/2025 - 21:10:43: Info (map "zm_foda") (file "addons/amxmodx/logs/error_20250215.log")
L 02/15/2025 - 21:10:43: Function "give_gun_silverak" was not found
L 02/15/2025 - 21:10:43: [AMXX] Displaying debug trace (plugin "zc_silver_ak.amxx")
L 02/15/2025 - 21:10:43: [AMXX] Run time error 19: function not found 
L 02/15/2025 - 21:10:43: [AMXX]    [0] zc_silver_ak.sma::plugin_init (line 36)
L 02/15/2025 - 21:10:43: Function "give_gun_diamondak" was not found
L 02/15/2025 - 21:10:43: [AMXX] Displaying debug trace (plugin "zc_diamond_ak.amxx")
L 02/15/2025 - 21:10:43: [AMXX] Run time error 19: function not found 
L 02/15/2025 - 21:10:43: [AMXX]    [0] zc_diamond_ak.sma::plugin_init (line 36)
L 02/15/2025 - 21:10:43: Function "give_gun_sm4a1" was not found
L 02/15/2025 - 21:10:43: [AMXX] Displaying debug trace (plugin "zc_member_silver_m4.amxx")
L 02/15/2025 - 21:10:43: [AMXX] Run time error 19: function not found 
L 02/15/2025 - 21:10:43: [AMXX]    [0] zc_member_silver_m4.sma::plugin_init (line 37)
L 02/15/2025 - 21:10:43: Function "give_gun_goldenak" was not found
L 02/15/2025 - 21:10:43: [AMXX] Displaying debug trace (plugin "zc_member_gak47.amxx")
L 02/15/2025 - 21:10:43: [AMXX] Run time error 19: function not found 
L 02/15/2025 - 21:10:43: [AMXX]    [0] zc_member_gak47.sma::plugin_init (line 37)
L 02/15/2025 - 21:10:43: [HAMSANDWICH] Function fw_TakeDamage not found.
L 02/15/2025 - 21:10:43: [AMXX] Displaying debug trace (plugin "zc_random_legend.amxx")
L 02/15/2025 - 21:10:43: [AMXX] Run time error 10: native error (native "RegisterHam")
L 02/15/2025 - 21:10:43: [AMXX]    [0] zc_random_legend.sma::plugin_init (line 18)
