L 02/14/2025 - 09:11:09: Start of error session.
L 02/14/2025 - 09:11:09: Info (map "zm_foda") (file "addons/amxmodx/logs/error_20250214.log")
L 02/14/2025 - 09:11:09: Function "give_gun_silverak" was not found
L 02/14/2025 - 09:11:09: [AMXX] Displaying debug trace (plugin "zc_silver_ak.amxx")
L 02/14/2025 - 09:11:09: [AMXX] Run time error 19: function not found 
L 02/14/2025 - 09:11:09: [AMXX]    [0] zc_silver_ak.sma::plugin_init (line 36)
L 02/14/2025 - 09:11:09: Function "give_gun_diamondak" was not found
L 02/14/2025 - 09:11:09: [AMXX] Displaying debug trace (plugin "zc_diamond_ak.amxx")
L 02/14/2025 - 09:11:09: [AMXX] Run time error 19: function not found 
L 02/14/2025 - 09:11:09: [AMXX]    [0] zc_diamond_ak.sma::plugin_init (line 36)
L 02/14/2025 - 09:11:09: Function "give_gun_sm4a1" was not found
L 02/14/2025 - 09:11:09: [AMXX] Displaying debug trace (plugin "zc_member_silver_m4.amxx")
L 02/14/2025 - 09:11:09: [AMXX] Run time error 19: function not found 
L 02/14/2025 - 09:11:09: [AMXX]    [0] zc_member_silver_m4.sma::plugin_init (line 37)
L 02/14/2025 - 09:11:09: Function "give_gun_goldenak" was not found
L 02/14/2025 - 09:11:09: [AMXX] Displaying debug trace (plugin "zc_member_gak47.amxx")
L 02/14/2025 - 09:11:09: [AMXX] Run time error 19: function not found 
L 02/14/2025 - 09:11:09: [AMXX]    [0] zc_member_gak47.sma::plugin_init (line 37)
L 02/14/2025 - 09:11:09: [HAMSANDWICH] Function fw_TakeDamage not found.
L 02/14/2025 - 09:11:09: [AMXX] Displaying debug trace (plugin "zc_random_legend.amxx")
L 02/14/2025 - 09:11:09: [AMXX] Run time error 10: native error (native "RegisterHam")
L 02/14/2025 - 09:11:09: [AMXX]    [0] zc_random_legend.sma::plugin_init (line 18)
L 02/14/2025 - 09:13:21: Start of error session.
L 02/14/2025 - 09:13:21: Info (map "zm_foda") (file "addons/amxmodx/logs/error_20250214.log")
L 02/14/2025 - 09:13:21: Function "give_gun_silverak" was not found
L 02/14/2025 - 09:13:21: [AMXX] Displaying debug trace (plugin "zc_silver_ak.amxx")
L 02/14/2025 - 09:13:21: [AMXX] Run time error 19: function not found 
L 02/14/2025 - 09:13:21: [AMXX]    [0] zc_silver_ak.sma::plugin_init (line 36)
L 02/14/2025 - 09:13:21: Function "give_gun_diamondak" was not found
L 02/14/2025 - 09:13:21: [AMXX] Displaying debug trace (plugin "zc_diamond_ak.amxx")
L 02/14/2025 - 09:13:21: [AMXX] Run time error 19: function not found 
L 02/14/2025 - 09:13:21: [AMXX]    [0] zc_diamond_ak.sma::plugin_init (line 36)
L 02/14/2025 - 09:13:21: Function "give_gun_sm4a1" was not found
L 02/14/2025 - 09:13:21: [AMXX] Displaying debug trace (plugin "zc_member_silver_m4.amxx")
L 02/14/2025 - 09:13:21: [AMXX] Run time error 19: function not found 
L 02/14/2025 - 09:13:21: [AMXX]    [0] zc_member_silver_m4.sma::plugin_init (line 37)
L 02/14/2025 - 09:13:21: Function "give_gun_goldenak" was not found
L 02/14/2025 - 09:13:21: [AMXX] Displaying debug trace (plugin "zc_member_gak47.amxx")
L 02/14/2025 - 09:13:21: [AMXX] Run time error 19: function not found 
L 02/14/2025 - 09:13:21: [AMXX]    [0] zc_member_gak47.sma::plugin_init (line 37)
L 02/14/2025 - 09:13:21: [HAMSANDWICH] Function fw_TakeDamage not found.
L 02/14/2025 - 09:13:21: [AMXX] Displaying debug trace (plugin "zc_random_legend.amxx")
L 02/14/2025 - 09:13:21: [AMXX] Run time error 10: native error (native "RegisterHam")
L 02/14/2025 - 09:13:21: [AMXX]    [0] zc_random_legend.sma::plugin_init (line 18)
