L 03/26/2026 - 12:57:26: Log file started (file "logs\L0326001.log") (game "cstrike") (version "48/1.1.2.6/4554")
L 03/26/2026 - 12:57:26: Loading map "de_dust2"
L 03/26/2026 - 12:57:26: Server cvars start
L 03/26/2026 - 12:57:26: Server cvar "_tutor_bomb_viewable_check_interval" = "0.5"
L 03/26/2026 - 12:57:26: Server cvar "_tutor_debug_level" = "0"
L 03/26/2026 - 12:57:26: Server cvar "_tutor_examine_time" = "0.5"
L 03/26/2026 - 12:57:26: Server cvar "_tutor_hint_interval_time" = "10.0"
L 03/26/2026 - 12:57:26: Server cvar "_tutor_look_angle" = "10"
L 03/26/2026 - 12:57:26: Server cvar "_tutor_look_distance" = "200"
L 03/26/2026 - 12:57:26: Server cvar "_tutor_message_character_display_time_coefficient" = "0.07"
L 03/26/2026 - 12:57:26: Server cvar "_tutor_message_minimum_display_time" = "1"
L 03/26/2026 - 12:57:26: Server cvar "_tutor_message_repeats" = "5"
L 03/26/2026 - 12:57:26: Server cvar "_tutor_view_distance" = "1000"
L 03/26/2026 - 12:57:26: Server cvar "allow_spectators" = "1.0"
L 03/26/2026 - 12:57:26: Server cvar "amx_client_languages" = ""
L 03/26/2026 - 12:57:26: Server cvar "amxmodx_version" = ""
L 03/26/2026 - 12:57:26: Server cvar "bot_allow_grenades" = "1"
L 03/26/2026 - 12:57:26: Server cvar "bot_allow_machine_guns" = "1"
L 03/26/2026 - 12:57:26: Server cvar "bot_allow_pistols" = "1"
L 03/26/2026 - 12:57:26: Server cvar "bot_allow_rifles" = "1"
L 03/26/2026 - 12:57:26: Server cvar "bot_allow_rogues" = "1"
L 03/26/2026 - 12:57:26: Server cvar "bot_allow_shield" = "1"
L 03/26/2026 - 12:57:26: Server cvar "bot_allow_shotguns" = "1"
L 03/26/2026 - 12:57:26: Server cvar "bot_allow_snipers" = "1"
L 03/26/2026 - 12:57:26: Server cvar "bot_allow_sub_machine_guns" = "1"
L 03/26/2026 - 12:57:26: Server cvar "bot_auto_vacate" = "1"
L 03/26/2026 - 12:57:26: Server cvar "bot_chatter" = "normal"
L 03/26/2026 - 12:57:26: Server cvar "bot_debug" = "0"
L 03/26/2026 - 12:57:26: Server cvar "bot_defer_to_human" = "0"
L 03/26/2026 - 12:57:26: Server cvar "bot_difficulty" = "0"
L 03/26/2026 - 12:57:26: Server cvar "bot_join_after_player" = "1"
L 03/26/2026 - 12:57:26: Server cvar "bot_join_team" = "any"
L 03/26/2026 - 12:57:26: Server cvar "bot_nav_edit" = "0"
L 03/26/2026 - 12:57:26: Server cvar "bot_nav_zdraw" = "4"
L 03/26/2026 - 12:57:26: Server cvar "bot_prefix" = ""
L 03/26/2026 - 12:57:26: Server cvar "bot_profile_db" = "BotProfile.db"
L 03/26/2026 - 12:57:26: Server cvar "bot_quicksave" = "0"
L 03/26/2026 - 12:57:26: Server cvar "bot_quota" = "0"
L 03/26/2026 - 12:57:26: Server cvar "bot_quota_match" = "0"
L 03/26/2026 - 12:57:26: Server cvar "bot_show_danger" = "0"
L 03/26/2026 - 12:57:26: Server cvar "bot_show_nav" = "0"
L 03/26/2026 - 12:57:26: Server cvar "bot_stop" = "0"
L 03/26/2026 - 12:57:26: Server cvar "bot_traceview" = "0"
L 03/26/2026 - 12:57:26: Server cvar "bot_walk" = "0"
L 03/26/2026 - 12:57:26: Server cvar "bot_zombie" = "0"
L 03/26/2026 - 12:57:26: Server cvar "coop" = "0"
L 03/26/2026 - 12:57:26: Server cvar "deathmatch" = "1"
L 03/26/2026 - 12:57:26: Server cvar "decalfrequency" = "30"
L 03/26/2026 - 12:57:26: Server cvar "dp_version" = "0.9.356"
L 03/26/2026 - 12:57:26: Server cvar "edgefriction" = "2"
L 03/26/2026 - 12:57:26: Server cvar "hostage_debug" = "0"
L 03/26/2026 - 12:57:26: Server cvar "hostage_stop" = "0"
L 03/26/2026 - 12:57:26: Server cvar "humans_join_team" = "any"
L 03/26/2026 - 12:57:26: Server cvar "max_queries_sec" = "3.0"
L 03/26/2026 - 12:57:26: Server cvar "max_queries_sec_global" = "30"
L 03/26/2026 - 12:57:26: Server cvar "max_queries_window" = "60"
L 03/26/2026 - 12:57:26: Server cvar "metamod_version" = "1.21p37"
L 03/26/2026 - 12:57:26: Server cvar "mp_allowmonsters" = "0"
L 03/26/2026 - 12:57:26: Server cvar "mp_autokick" = "1"
L 03/26/2026 - 12:57:26: Server cvar "mp_autoteambalance" = "1"
L 03/26/2026 - 12:57:26: Server cvar "mp_buytime" = "1.5"
L 03/26/2026 - 12:57:26: Server cvar "mp_c4timer" = "45"
L 03/26/2026 - 12:57:26: Server cvar "mp_chattime" = "10"
L 03/26/2026 - 12:57:26: Server cvar "mp_consistency" = "1"
L 03/26/2026 - 12:57:26: Server cvar "mp_fadetoblack" = "0"
L 03/26/2026 - 12:57:26: Server cvar "mp_flashlight" = "0"
L 03/26/2026 - 12:57:26: Server cvar "mp_footsteps" = "1"
L 03/26/2026 - 12:57:26: Server cvar "mp_forcecamera" = "0"
L 03/26/2026 - 12:57:26: Server cvar "mp_forcechasecam" = "0"
L 03/26/2026 - 12:57:26: Server cvar "mp_fragsleft" = "0"
L 03/26/2026 - 12:57:26: Server cvar "mp_freezetime" = "6"
L 03/26/2026 - 12:57:26: Server cvar "mp_friendlyfire" = "0"
L 03/26/2026 - 12:57:26: Server cvar "mp_ghostfrequency" = "0.1"
L 03/26/2026 - 12:57:26: Server cvar "mp_hostagepenalty" = "13"
L 03/26/2026 - 12:57:26: Server cvar "mp_kickpercent" = "0.66"
L 03/26/2026 - 12:57:26: Server cvar "mp_limitteams" = "2"
L 03/26/2026 - 12:57:26: Server cvar "mp_logdetail" = "0"
L 03/26/2026 - 12:57:26: Server cvar "mp_logfile" = "1"
L 03/26/2026 - 12:57:26: Server cvar "mp_logmessages" = "1"
L 03/26/2026 - 12:57:26: Server cvar "mp_mapvoteratio" = "0.66"
L 03/26/2026 - 12:57:26: Server cvar "mp_maxrounds" = "0"
L 03/26/2026 - 12:57:26: Server cvar "mp_mirrordamage" = "0"
L 03/26/2026 - 12:57:26: Server cvar "mp_playerid" = "0"
L 03/26/2026 - 12:57:26: Server cvar "mp_roundtime" = "5"
L 03/26/2026 - 12:57:26: Server cvar "mp_startmoney" = "800"
L 03/26/2026 - 12:57:26: Server cvar "mp_timeleft" = "0"
L 03/26/2026 - 12:57:26: Server cvar "mp_timelimit" = "0"
L 03/26/2026 - 12:57:26: Server cvar "mp_tkpunish" = "0"
L 03/26/2026 - 12:57:26: Server cvar "mp_windifference" = "1"
L 03/26/2026 - 12:57:26: Server cvar "mp_winlimit" = "0"
L 03/26/2026 - 12:57:26: Server cvar "pausable" = "1"
L 03/26/2026 - 12:57:26: Server cvar "pb_aim_damper_coefficient_x" = "0.22"
L 03/26/2026 - 12:57:26: Server cvar "pb_aim_damper_coefficient_y" = "0.22"
L 03/26/2026 - 12:57:26: Server cvar "pb_aim_deviation_x" = "2.0"
L 03/26/2026 - 12:57:26: Server cvar "pb_aim_deviation_y" = "1.0"
L 03/26/2026 - 12:57:26: Server cvar "pb_aim_influence_x_on_y" = "0.25"
L 03/26/2026 - 12:57:26: Server cvar "pb_aim_influence_y_on_x" = "0.17"
L 03/26/2026 - 12:57:26: Server cvar "pb_aim_notarget_slowdown_ratio" = "0.5"
L 03/26/2026 - 12:57:26: Server cvar "pb_aim_offset_delay" = "1.2"
L 03/26/2026 - 12:57:26: Server cvar "pb_aim_spring_stiffness_x" = "13.0"
L 03/26/2026 - 12:57:26: Server cvar "pb_aim_spring_stiffness_y" = "13.0"
L 03/26/2026 - 12:57:26: Server cvar "pb_aim_target_anticipation_ratio" = "2.2"
L 03/26/2026 - 12:57:26: Server cvar "pb_aim_type" = "4"
L 03/26/2026 - 12:57:26: Server cvar "pb_autokill" = "0.0"
L 03/26/2026 - 12:57:26: Server cvar "pb_autokilldelay" = "45.0"
L 03/26/2026 - 12:57:26: Server cvar "pb_bot_join_team" = "ANY"
L 03/26/2026 - 12:57:26: Server cvar "pb_bot_quota_match" = "0.0"
L 03/26/2026 - 12:57:26: Server cvar "pb_chat" = "1"
L 03/26/2026 - 12:57:26: Server cvar "pb_dangerfactor" = "800"
L 03/26/2026 - 12:57:26: Server cvar "pb_detailnames" = "0"
L 03/26/2026 - 12:57:26: Server cvar "pb_ffa" = "0"
L 03/26/2026 - 12:57:26: Server cvar "pb_jasonmode" = "0"
L 03/26/2026 - 12:57:26: Server cvar "pb_latencybot" = "0"
L 03/26/2026 - 12:57:26: Server cvar "pb_mapstartbotdelay" = "5"
L 03/26/2026 - 12:57:26: Server cvar "pb_maxbots" = "0"
L 03/26/2026 - 12:57:26: Server cvar "pb_maxbotskill" = "100"
L 03/26/2026 - 12:57:26: Server cvar "pb_maxcamptime" = "30"
L 03/26/2026 - 12:57:26: Server cvar "pb_maxweaponpickup" = "3"
L 03/26/2026 - 12:57:26: Server cvar "pb_minbots" = "0"
L 03/26/2026 - 12:57:26: Server cvar "pb_minbotskill" = "60"
L 03/26/2026 - 12:57:26: Server cvar "pb_numfollowuser" = "3"
L 03/26/2026 - 12:57:26: Server cvar "pb_radio" = "1"
L 03/26/2026 - 12:57:26: Server cvar "pb_restrequipammo" = "000000000"
L 03/26/2026 - 12:57:26: Server cvar "pb_restrweapons" = "00000000000000000000000000"
L 03/26/2026 - 12:57:26: Server cvar "pb_shootthruwalls" = "1"
L 03/26/2026 - 12:57:26: Server cvar "pb_skin" = "5"
L 03/26/2026 - 12:57:26: Server cvar "pb_spray" = "1"
L 03/26/2026 - 12:57:26: Server cvar "pb_timer_grenade" = "0.5"
L 03/26/2026 - 12:57:26: Server cvar "pb_timer_pickup" = "0.3"
L 03/26/2026 - 12:57:26: Server cvar "pb_timer_sound" = "1.0"
L 03/26/2026 - 12:57:26: Server cvar "pb_usespeech" = "1"
L 03/26/2026 - 12:57:26: Server cvar "pb_version" = "V3B21"
L 03/26/2026 - 12:57:26: Server cvar "pb_welcomemsgs" = "1"
L 03/26/2026 - 12:57:26: Server cvar "pb_wptfolder" = "wptdefault"
L 03/26/2026 - 12:57:26: Server cvar "sv_accelerate" = "10"
L 03/26/2026 - 12:57:26: Server cvar "sv_aim" = "1"
L 03/26/2026 - 12:57:26: Server cvar "sv_airaccelerate" = "10"
L 03/26/2026 - 12:57:26: Server cvar "sv_airmove" = "1"
L 03/26/2026 - 12:57:26: Server cvar "sv_allowupload" = "1"
L 03/26/2026 - 12:57:26: Server cvar "sv_bounce" = "1"
L 03/26/2026 - 12:57:26: Server cvar "sv_cheats" = "0"
L 03/26/2026 - 12:57:26: Server cvar "sv_clienttrace" = "1"
L 03/26/2026 - 12:57:26: Server cvar "sv_clipmode" = "0"
L 03/26/2026 - 12:57:26: Server cvar "sv_contact" = ""
L 03/26/2026 - 12:57:26: Server cvar "sv_friction" = "4"
L 03/26/2026 - 12:57:26: Server cvar "sv_gravity" = "800"
L 03/26/2026 - 12:57:26: Server cvar "sv_logblocks" = "0"
L 03/26/2026 - 12:57:26: Server cvar "sv_maxrate" = "0"
L 03/26/2026 - 12:57:26: Server cvar "sv_maxspeed" = "320"
L 03/26/2026 - 12:57:26: Server cvar "sv_minrate" = "0"
L 03/26/2026 - 12:57:26: Server cvar "sv_password" = ""
L 03/26/2026 - 12:57:26: Server cvar "sv_proxies" = "1"
L 03/26/2026 - 12:57:26: Server cvar "sv_region" = "-1"
L 03/26/2026 - 12:57:26: Server cvar "sv_restart" = "0"
L 03/26/2026 - 12:57:26: Server cvar "sv_restartround" = "0"
L 03/26/2026 - 12:57:26: Server cvar "sv_stepsize" = "18"
L 03/26/2026 - 12:57:26: Server cvar "sv_stopspeed" = "100"
L 03/26/2026 - 12:57:26: Server cvar "sv_uploadmax" = "0.5"
L 03/26/2026 - 12:57:26: Server cvar "sv_voiceenable" = "1"
L 03/26/2026 - 12:57:26: Server cvar "sv_wateraccelerate" = "10"
L 03/26/2026 - 12:57:26: Server cvar "sv_waterfriction" = "1"
L 03/26/2026 - 12:57:26: Server cvars end
L 03/26/2026 - 12:57:26: [META] dll: Loaded plugin 'CSX': CSX v1.8.2 Feb 14 2013, AMX Mod X Dev Team
L 03/26/2026 - 12:57:26: [META] dll: Loaded plugin 'CStrike': CStrike v1.8.2 Feb 14 2013, AMX Mod X Dev Team
L 03/26/2026 - 12:57:26: [META] dll: Loaded plugin 'CS Team Changer': CS Team Changer v1.0 Jul 31 2011, Hattrick
L 03/26/2026 - 12:57:26: Server cvar "amxmodx_version" = "1.8.2"
L 03/26/2026 - 12:57:26: FATAL ERROR (shutting down): Mod_NumForName: sprites/zbeam/beam.spr not found
